# JRE version: Java(TM) SE Runtime Environment (8.0_111-b14) (build 1.8.0_111-b14)
# Java VM: Java HotSpot(TM) Client VM (25.111-b14 mixed mode windows-x86 )
Heap:
 def new generation   total 39424K, used 26930K [0x04e00000, 0x078c0000, 0x0f8a0000)
  eden space 35072K,  76% used [0x04e00000, 0x06849a90, 0x07040000)
  from space 4352K,   0% used [0x07480000, 0x07482f38, 0x078c0000)
  to   space 4352K,   0% used [0x07040000, 0x07040000, 0x07480000)
 tenured generation   total 87424K, used 44169K [0x0f8a0000, 0x14e00000, 0x24e00000)
   the space 87424K,  50% used [0x0f8a0000, 0x123c2470, 0x123c2600, 0x14e00000)
 Metaspace       used 19332K, capacity 19809K, committed 19968K, reserved 20864K
GC Heap History (10 events):
Event: 1466851.647 GC heap before
{Heap before GC invocations=10341 (full 3):
 def new generation   total 39424K, used 35252K [0x04e00000, 0x078c0000, 0x0f8a0000)
  eden space 35072K, 100% used [0x04e00000, 0x07040000, 0x07040000)
  from space 4352K,   4% used [0x07040000, 0x0706d2f0, 0x07480000)
  to   space 4352K,   0% used [0x07480000, 0x07480000, 0x078c0000)
 tenured generation   total 87424K, used 44010K [0x0f8a0000, 0x14e00000, 0x24e00000)
   the space 87424K,  50% used [0x0f8a0000, 0x1239aa88, 0x1239ac00, 0x14e00000)
 Metaspace       used 19332K, capacity 19809K, committed 19968K, reserved 20864K
Event: 1466851.650 GC heap after
Heap after GC invocations=10342 (full 3):
 def new generation   total 39424K, used 163K [0x04e00000, 0x078c0000, 0x0f8a0000)
  eden space 35072K,   0% used [0x04e00000, 0x04e00000, 0x07040000)
  from space 4352K,   3% used [0x07480000, 0x074a8cc0, 0x078c0000)
  to   space 4352K,   0% used [0x07040000, 0x07040000, 0x07480000)
 tenured generation   total 87424K, used 44010K [0x0f8a0000, 0x14e00000, 0x24e00000)
   the space 87424K,  50% used [0x0f8a0000, 0x1239aa88, 0x1239ac00, 0x14e00000)
 Metaspace       used 19332K, capacity 19809K, committed 19968K, reserved 20864K
}
Event: 1467992.141 GC heap before
{Heap before GC invocations=10342 (full 3):
 def new generation   total 39424K, used 35235K [0x04e00000, 0x078c0000, 0x0f8a0000)
  eden space 35072K, 100% used [0x04e00000, 0x07040000, 0x07040000)
  from space 4352K,   3% used [0x07480000, 0x074a8cc0, 0x078c0000)
  to   space 4352K,   0% used [0x07040000, 0x07040000, 0x07480000)
 tenured generation   total 87424K, used 44010K [0x0f8a0000, 0x14e00000, 0x24e00000)
   the space 87424K,  50% used [0x0f8a0000, 0x1239aa88, 0x1239ac00, 0x14e00000)
 Metaspace       used 19332K, capacity 19809K, committed 19968K, reserved 20864K
Event: 1467992.144 GC heap after
Heap after GC invocations=10343 (full 3):
 def new generation   total 39424K, used 170K [0x04e00000, 0x078c0000, 0x0f8a0000)
  eden space 35072K,   0% used [0x04e00000, 0x04e00000, 0x07040000)
  from space 4352K,   3% used [0x07040000, 0x0706aa28, 0x07480000)
  to   space 4352K,   0% used [0x07480000, 0x07480000, 0x078c0000)
 tenured generation   total 87424K, used 44010K [0x0f8a0000, 0x14e00000, 0x24e00000)
   the space 87424K,  50% used [0x0f8a0000, 0x1239aa88, 0x1239ac00, 0x14e00000)
 Metaspace       used 19332K, capacity 19809K, committed 19968K, reserved 20864K
}
Event: 1469073.456 GC heap before
{Heap before GC invocations=10343 (full 3):
 def new generation   total 39424K, used 35242K [0x04e00000, 0x078c0000, 0x0f8a0000)
  eden space 35072K, 100% used [0x04e00000, 0x07040000, 0x07040000)
  from space 4352K,   3% used [0x07040000, 0x0706aa28, 0x07480000)
  to   space 4352K,   0% used [0x07480000, 0x07480000, 0x078c0000)
 tenured generation   total 87424K, used 44010K [0x0f8a0000, 0x14e00000, 0x24e00000)
   the space 87424K,  50% used [0x0f8a0000, 0x1239aa88, 0x1239ac00, 0x14e00000)
 Metaspace       used 19332K, capacity 19809K, committed 19968K, reserved 20864K
Event: 1469073.459 GC heap after
Heap after GC invocations=10344 (full 3):
 def new generation   total 39424K, used 193K [0x04e00000, 0x078c0000, 0x0f8a0000)
  eden space 35072K,   0% used [0x04e00000, 0x04e00000, 0x07040000)
  from space 4352K,   4% used [0x07480000, 0x074b0738, 0x078c0000)
  to   space 4352K,   0% used [0x07040000, 0x07040000, 0x07480000)
 tenured generation   total 87424K, used 44010K [0x0f8a0000, 0x14e00000, 0x24e00000)
   the space 87424K,  50% used [0x0f8a0000, 0x1239aa88, 0x1239ac00, 0x14e00000)
 Metaspace       used 19332K, capacity 19809K, committed 19968K, reserved 20864K
}
Event: 1470152.371 GC heap before
{Heap before GC invocations=10344 (full 3):
 def new generation   total 39424K, used 35265K [0x04e00000, 0x078c0000, 0x0f8a0000)
  eden space 35072K, 100% used [0x04e00000, 0x07040000, 0x07040000)
  from space 4352K,   4% used [0x07480000, 0x074b0738, 0x078c0000)
  to   space 4352K,   0% used [0x07040000, 0x07040000, 0x07480000)
 tenured generation   total 87424K, used 44010K [0x0f8a0000, 0x14e00000, 0x24e00000)
   the space 87424K,  50% used [0x0f8a0000, 0x1239aa88, 0x1239ac00, 0x14e00000)
 Metaspace       used 19332K, capacity 19809K, committed 19968K, reserved 20864K
Event: 1470152.374 GC heap after
Heap after GC invocations=10345 (full 3):
 def new generation   total 39424K, used 163K [0x04e00000, 0x078c0000, 0x0f8a0000)
  eden space 35072K,   0% used [0x04e00000, 0x04e00000, 0x07040000)
  from space 4352K,   3% used [0x07040000, 0x07068dc8, 0x07480000)
  to   space 4352K,   0% used [0x07480000, 0x07480000, 0x078c0000)
 tenured generation   total 87424K, used 44010K [0x0f8a0000, 0x14e00000, 0x24e00000)
   the space 87424K,  50% used [0x0f8a0000, 0x1239aa88, 0x1239ac00, 0x14e00000)
 Metaspace       used 19332K, capacity 19809K, committed 19968K, reserved 20864K
}
Event: 1471232.570 GC heap before
{Heap before GC invocations=10345 (full 3):
 def new generation   total 39424K, used 35235K [0x04e00000, 0x078c0000, 0x0f8a0000)
  eden space 35072K, 100% used [0x04e00000, 0x07040000, 0x07040000)
  from space 4352K,   3% used [0x07040000, 0x07068dc8, 0x07480000)
  to   space 4352K,   0% used [0x07480000, 0x07480000, 0x078c0000)
 tenured generation   total 87424K, used 44010K [0x0f8a0000, 0x14e00000, 0x24e00000)
   the space 87424K,  50% used [0x0f8a0000, 0x1239aa88, 0x1239ac00, 0x14e00000)
 Metaspace       used 19332K, capacity 19809K, committed 19968K, reserved 20864K
Event: 1471232.590 GC heap after
Heap after GC invocations=10346 (full 3):
 def new generation   total 39424K, used 11K [0x04e00000, 0x078c0000, 0x0f8a0000)
  eden space 35072K,   0% used [0x04e00000, 0x04e00000, 0x07040000)
  from space 4352K,   0% used [0x07480000, 0x07482f38, 0x078c0000)
  to   space 4352K,   0% used [0x07040000, 0x07040000, 0x07480000)
 tenured generation   total 87424K, used 44169K [0x0f8a0000, 0x14e00000, 0x24e00000)
   the space 87424K,  50% used [0x0f8a0000, 0x123c2470, 0x123c2600, 0x14e00000)
 Metaspace       used 19332K, capacity 19809K, committed 19968K, reserved 20864K
}

